This is pdfTeX, Version 3.141592653-2.6-1.40.24 (TeX Live 2022/Debian) (preloaded format=pdflatex 2022.12.31)  31 DEC 2022 07:02
entering extended mode
 restricted \write18 enabled.
 %&-line parsing enabled.
**cover.tex
(./cover.tex
LaTeX2e <2022-06-01> patch level 5
L3 programming layer <2022-07-15>

! LaTeX Error: Missing \begin{document}.

See the LaTeX manual or LaTeX Companion for explanation.
Type  H <return>  for immediate help.
 ...                                              
                                                  
l.2 \begin{center}
                  
You're in trouble here.  Try typing  <return>  to proceed.
If that doesn't work, type  X <return>  to quit.


Overfull \hbox (20.0pt too wide) in paragraph at lines 2--2
[] 
 []

! Undefined control sequence.
l.4 \Large
          {\textbf{A PROJECT REPORT\\ \large{ON}}}\\[0.7cm]
The control sequence at the end of the top line
of your error message was never \def'ed. If you have
misspelled it (e.g., `\hobx'), type `I' and the correct
spelling (e.g., `I\hbox'). Otherwise just continue,
and I'll forget about whatever was undefined.


Overfull \hbox (8.6944pt too wide) in paragraph at lines 4--4
 \OT1/cmr/bx/n/10 A 
 []


Overfull \hbox (54.61081pt too wide) in paragraph at lines 4--4
 \OT1/cmr/bx/n/10 PROJECT 
 []


Overfull \hbox (20.01378pt too wide) in paragraph at lines 4--4
 \OT1/cmr/bx/n/10 RE- 
 []


Overfull \hbox (32.16649pt too wide) in paragraph at lines 4--4
 \OT1/cmr/bx/n/10 PORT 
 []

! Undefined control sequence.
<recently read> \large 
                       
l.4 \Large{\textbf{A PROJECT REPORT\\ \large{ON}}
                                                 }\\[0.7cm]
The control sequence at the end of the top line
of your error message was never \def'ed. If you have
misspelled it (e.g., `\hobx'), type `I' and the correct
spelling (e.g., `I\hbox'). Otherwise just continue,
and I'll forget about whatever was undefined.


Overfull \hbox (17.6388pt too wide) in paragraph at lines 4--4
 []\OT1/cmr/bx/n/10 ON 
 []

! Undefined control sequence.
l.5 \LARGE
          {\textsc {\textbf{``NAME OF PROJECT''}}}\\[0.5cm]
The control sequence at the end of the top line
of your error message was never \def'ed. If you have
misspelled it (e.g., `\hobx'), type `I' and the correct
spelling (e.g., `I\hbox'). Otherwise just continue,
and I'll forget about whatever was undefined.


LaTeX Font Warning: Font shape `OT1/cmr/bx/sc' undefined
(Font)              using `OT1/cmr/bx/n' instead on input line 5.


Overfull \hbox (42.19423pt too wide) in paragraph at lines 5--5
 []\OT1/cmr/bx/n/10 ``NAME 
 []


Overfull \hbox (15.87491pt too wide) in paragraph at lines 5--5
 \OT1/cmr/bx/n/10 OF 
 []


Overfull \hbox (60.63857pt too wide) in paragraph at lines 5--5
 \OT1/cmr/bx/n/10 PROJECT'' 
 []

! Undefined control sequence.
l.7 \Large
          {\textbf{\\Submitted to}}
The control sequence at the end of the top line
of your error message was never \def'ed. If you have
misspelled it (e.g., `\hobx'), type `I' and the correct
spelling (e.g., `I\hbox'). Otherwise just continue,
and I'll forget about whatever was undefined.

! Undefined control sequence.
l.8 \LARGE
          {\textbf{\\UNIVERSITY OF Place\\}}
The control sequence at the end of the top line
of your error message was never \def'ed. If you have
misspelled it (e.g., `\hobx'), type `I' and the correct
spelling (e.g., `I\hbox'). Otherwise just continue,
and I'll forget about whatever was undefined.


Overfull \hbox (52.54834pt too wide) in paragraph at lines 7--8
 []\OT1/cmr/bx/n/10 Submitted 
 []


Overfull \hbox (10.22217pt too wide) in paragraph at lines 7--8
 \OT1/cmr/bx/n/10 to 
 []


Overfull \hbox (74.52736pt too wide) in paragraph at lines 8--8
 []\OT1/cmr/bx/n/10 UNIVERSITY 
 []


Overfull \hbox (15.87491pt too wide) in paragraph at lines 8--8
 \OT1/cmr/bx/n/10 OF 
 []


Overfull \hbox (27.02762pt too wide) in paragraph at lines 8--8
 \OT1/cmr/bx/n/10 Place 
 []

! Undefined control sequence.
l.10 \Large
           {\textbf{\\In Partial Fulfilment of the Requirement for the Award...
The control sequence at the end of the top line
of your error message was never \def'ed. If you have
misspelled it (e.g., `\hobx'), type `I' and the correct
spelling (e.g., `I\hbox'). Otherwise just continue,
and I'll forget about whatever was undefined.


Overfull \hbox (10.74994pt too wide) in paragraph at lines 10--10
 []\OT1/cmr/bx/n/10 In 
 []


Overfull \hbox (21.70126pt too wide) in paragraph at lines 10--10
 \OT1/cmr/bx/n/10 Par- 
 []


Overfull \hbox (16.45128pt too wide) in paragraph at lines 10--10
 \OT1/cmr/bx/n/10 tial 
 []


Overfull \hbox (19.69434pt too wide) in paragraph at lines 10--10
 \OT1/cmr/bx/n/10 Ful- 
 []


Overfull \hbox (13.4166pt too wide) in paragraph at lines 10--10
 \OT1/cmr/bx/n/10 fil- 
 []


Overfull \hbox (25.3957pt too wide) in paragraph at lines 10--10
 \OT1/cmr/bx/n/10 ment 
 []


Overfull \hbox (9.26384pt too wide) in paragraph at lines 10--10
 \OT1/cmr/bx/n/10 of 
 []


Overfull \hbox (16.13187pt too wide) in paragraph at lines 10--10
 \OT1/cmr/bx/n/10 the 
 []


Overfull \hbox (17.72908pt too wide) in paragraph at lines 10--10
 \OT1/cmr/bx/n/10 Re- 
 []


Overfull \hbox (29.49292pt too wide) in paragraph at lines 10--10
 \OT1/cmr/bx/n/10 quire- 
 []


Overfull \hbox (25.3957pt too wide) in paragraph at lines 10--10
 \OT1/cmr/bx/n/10 ment 
 []


Overfull \hbox (13.99994pt too wide) in paragraph at lines 10--10
 \OT1/cmr/bx/n/10 for 
 []


Overfull \hbox (16.13187pt too wide) in paragraph at lines 10--10
 \OT1/cmr/bx/n/10 the 
 []


Overfull \hbox (33.39565pt too wide) in paragraph at lines 10--10
 \OT1/cmr/bx/n/10 Award 
 []


Overfull \hbox (9.26384pt too wide) in paragraph at lines 10--10
 \OT1/cmr/bx/n/10 of 
 []

! Undefined control sequence.
l.11 \Large
           {\textbf{\\BACHELOR'S DEGREE IN\\COMPUTER ENGINEERING}}
The control sequence at the end of the top line
of your error message was never \def'ed. If you have
misspelled it (e.g., `\hobx'), type `I' and the correct
spelling (e.g., `I\hbox'). Otherwise just continue,
and I'll forget about whatever was undefined.


Overfull \hbox (75.18015pt too wide) in paragraph at lines 11--11
 []\OT1/cmr/bx/n/10 BACHELOR'S 
 []


Overfull \hbox (20.20822pt too wide) in paragraph at lines 11--11
 \OT1/cmr/bx/n/10 DE- 
 []


Overfull \hbox (32.77759pt too wide) in paragraph at lines 11--11
 \OT1/cmr/bx/n/10 GREE 
 []


Overfull \hbox (13.36104pt too wide) in paragraph at lines 11--11
 \OT1/cmr/bx/n/10 IN 
 []

! Undefined control sequence.
l.13 \Large
           {\textbf{\\BY}}\\[0.5cm]
The control sequence at the end of the top line
of your error message was never \def'ed. If you have
misspelled it (e.g., `\hobx'), type `I' and the correct
spelling (e.g., `I\hbox'). Otherwise just continue,
and I'll forget about whatever was undefined.


Overfull \hbox (68.74962pt too wide) in paragraph at lines 11--13
 []\OT1/cmr/bx/n/10 COMPUTER 
 []


Overfull \hbox (20.38878pt too wide) in paragraph at lines 11--13
 \OT1/cmr/bx/n/10 EN- 
 []


Overfull \hbox (17.23601pt too wide) in paragraph at lines 11--13
 \OT1/cmr/bx/n/10 GI- 
 []


Overfull \hbox (36.56924pt too wide) in paragraph at lines 11--13
 \OT1/cmr/bx/n/10 NEER- 
 []


Overfull \hbox (22.40265pt too wide) in paragraph at lines 11--13
 \OT1/cmr/bx/n/10 ING 
 []


Overfull \hbox (17.1624pt too wide) in paragraph at lines 13--13
 []\OT1/cmr/bx/n/10 BY 
 []


! LaTeX Error: Environment table undefined.

See the LaTeX manual or LaTeX Companion for explanation.
Type  H <return>  for immediate help.
 ...                                              
                                                  
l.14 \begin{table}
                  [h]
Your command was ignored.
Type  I <command> <return>  to replace it with another command,
or  <return>  to continue without it.

Missing character: There is no [ in font nullfont!
Missing character: There is no h in font nullfont!
Missing character: There is no ] in font nullfont!
! Undefined control sequence.
l.16 \Large
           {
The control sequence at the end of the top line
of your error message was never \def'ed. If you have
misspelled it (e.g., `\hobx'), type `I' and the correct
spelling (e.g., `I\hbox'). Otherwise just continue,
and I'll forget about whatever was undefined.

LaTeX Font Info:    External font `cmex10' loaded for size
(Font)              <7> on input line 17.
LaTeX Font Info:    External font `cmex10' loaded for size
(Font)              <5> on input line 17.

! LaTeX Error: Illegal character in array arg.

See the LaTeX manual or LaTeX Companion for explanation.
Type  H <return>  for immediate help.
 ...                                              
                                                  
l.17 \begin{tabular}{>{\bfseries}lc>{\bfseries}r}
                                                 
You're in trouble here.  Try typing  <return>  to proceed.
If that doesn't work, type  X <return>  to quit.

Missing character: There is no c in font nullfont!

! LaTeX Error: Illegal character in array arg.

See the LaTeX manual or LaTeX Companion for explanation.
Type  H <return>  for immediate help.
 ...                                              
                                                  
l.17 \begin{tabular}{>{\bfseries}lc>{\bfseries}r}
                                                 
You're in trouble here.  Try typing  <return>  to proceed.
If that doesn't work, type  X <return>  to quit.

Missing character: There is no c in font nullfont!

! LaTeX Error:  Illegal character in array arg.

See the LaTeX manual or LaTeX Companion for explanation.
Type  H <return>  for immediate help.
 ...                                              
                                                  
l.17 \begin{tabular}{>{\bfseries}lc>{\bfseries}r}
                                                 
You're in trouble here.  Try typing  <return>  to proceed.
If that doesn't work, type  X <return>  to quit.

Missing character: There is no G in font nullfont!
Missing character: There is no R in font nullfont!
Missing character: There is no O in font nullfont!
Missing character: There is no U in font nullfont!
Missing character: There is no P in font nullfont!
Missing character: There is no M in font nullfont!
Missing character: There is no E in font nullfont!
Missing character: There is no M in font nullfont!
Missing character: There is no B in font nullfont!
Missing character: There is no E in font nullfont!
Missing character: There is no R in font nullfont!
Missing character: There is no A in font nullfont!
Missing character: There is no R in font nullfont!
Missing character: There is no O in font nullfont!
Missing character: There is no L in font nullfont!
Missing character: There is no L in font nullfont!
Missing character: There is no N in font nullfont!
Missing character: There is no U in font nullfont!
Missing character: There is no M in font nullfont!
Missing character: There is no B in font nullfont!
Missing character: There is no E in font nullfont!
Missing character: There is no R in font nullfont!
Missing character: There is no A in font nullfont!
Missing character: There is no G in font nullfont!
Missing character: There is no R in font nullfont!
Missing character: There is no O in font nullfont!
Missing character: There is no U in font nullfont!
Missing character: There is no P in font nullfont!
Missing character: There is no M in font nullfont!
Missing character: There is no E in font nullfont!
Missing character: There is no M in font nullfont!
Missing character: There is no B in font nullfont!
Missing character: There is no E in font nullfont!
Missing character: There is no R in font nullfont!
Missing character: There is no B in font nullfont!
Missing character: There is no R in font nullfont!
Missing character: There is no O in font nullfont!
Missing character: There is no L in font nullfont!
Missing character: There is no L in font nullfont!
Missing character: There is no N in font nullfont!
Missing character: There is no U in font nullfont!
Missing character: There is no M in font nullfont!
Missing character: There is no B in font nullfont!
Missing character: There is no E in font nullfont!
Missing character: There is no R in font nullfont!
Missing character: There is no B in font nullfont!
Missing character: There is no G in font nullfont!
Missing character: There is no R in font nullfont!
Missing character: There is no O in font nullfont!
Missing character: There is no U in font nullfont!
Missing character: There is no P in font nullfont!
Missing character: There is no M in font nullfont!
Missing character: There is no E in font nullfont!
Missing character: There is no M in font nullfont!
Missing character: There is no B in font nullfont!
Missing character: There is no E in font nullfont!
Missing character: There is no R in font nullfont!
Missing character: There is no C in font nullfont!
Missing character: There is no R in font nullfont!
Missing character: There is no O in font nullfont!
Missing character: There is no L in font nullfont!
Missing character: There is no L in font nullfont!
Missing character: There is no N in font nullfont!
Missing character: There is no U in font nullfont!
Missing character: There is no M in font nullfont!
Missing character: There is no B in font nullfont!
Missing character: There is no E in font nullfont!
Missing character: There is no R in font nullfont!
Missing character: There is no C in font nullfont!
Missing character: There is no G in font nullfont!
Missing character: There is no R in font nullfont!
Missing character: There is no O in font nullfont!
Missing character: There is no U in font nullfont!
Missing character: There is no P in font nullfont!
Missing character: There is no M in font nullfont!
Missing character: There is no E in font nullfont!
Missing character: There is no M in font nullfont!
Missing character: There is no B in font nullfont!
Missing character: There is no E in font nullfont!
Missing character: There is no R in font nullfont!
Missing character: There is no D in font nullfont!
Missing character: There is no R in font nullfont!
Missing character: There is no O in font nullfont!
Missing character: There is no L in font nullfont!
Missing character: There is no L in font nullfont!
Missing character: There is no N in font nullfont!
Missing character: There is no U in font nullfont!
Missing character: There is no M in font nullfont!
Missing character: There is no B in font nullfont!
Missing character: There is no E in font nullfont!
Missing character: There is no R in font nullfont!
Missing character: There is no D in font nullfont!

! LaTeX Error: \begin{center} on input line 2 ended by \end{table}.

See the LaTeX manual or LaTeX Companion for explanation.
Type  H <return>  for immediate help.
 ...                                              
                                                  
l.20 \end{table}
                
Your command was ignored.
Type  I <command> <return>  to replace it with another command,
or  <return>  to continue without it.

! Undefined control sequence.
l.22 \large
           {\textbf{UNDER THE GUIDANCE OF}}\\
The control sequence at the end of the top line
of your error message was never \def'ed. If you have
misspelled it (e.g., `\hobx'), type `I' and the correct
spelling (e.g., `I\hbox'). Otherwise just continue,
and I'll forget about whatever was undefined.


Overfull \hbox (21.68044pt too wide) in paragraph at lines 14--22
 \OT1/cmr/bx/n/10 UN- 
 []


Overfull \hbox (24.99986pt too wide) in paragraph at lines 14--22
 \OT1/cmr/bx/n/10 DER 
 []


Overfull \hbox (24.55542pt too wide) in paragraph at lines 14--22
 \OT1/cmr/bx/n/10 THE 
 []


Overfull \hbox (34.90257pt too wide) in paragraph at lines 14--22
 \OT1/cmr/bx/n/10 GUID- 
 []


Overfull \hbox (33.55537pt too wide) in paragraph at lines 14--22
 \OT1/cmr/bx/n/10 ANCE 
 []


Overfull \hbox (15.87491pt too wide) in paragraph at lines 14--22
 \OT1/cmr/bx/n/10 OF 
 []

! Undefined control sequence.
<recently read> \large 
                       
l.23 \large
           {\textbf{PROF. GUIDE NAME}}\\
The control sequence at the end of the top line
of your error message was never \def'ed. If you have
misspelled it (e.g., `\hobx'), type `I' and the correct
spelling (e.g., `I\hbox'). Otherwise just continue,
and I'll forget about whatever was undefined.


Overfull \hbox (35.23592pt too wide) in paragraph at lines 23--23
 []\OT1/cmr/bx/n/10 PROF. 
 []


Overfull \hbox (38.62477pt too wide) in paragraph at lines 23--23
 \OT1/cmr/bx/n/10 GUIDE 
 []


Overfull \hbox (36.16647pt too wide) in paragraph at lines 23--23
 \OT1/cmr/bx/n/10 NAME 
 []

! Undefined control sequence.
l.25 \large
           {\textbf{DEPARTMENT OF COMPUTER ENGINEERING}}\\
The control sequence at the end of the top line
of your error message was never \def'ed. If you have
misspelled it (e.g., `\hobx'), type `I' and the correct
spelling (e.g., `I\hbox'). Otherwise just continue,
and I'll forget about whatever was undefined.


Overfull \hbox (83.11066pt too wide) in paragraph at lines 25--25
 []\OT1/cmr/bx/n/10 DEPARTMENT 
 []


Overfull \hbox (15.87491pt too wide) in paragraph at lines 25--25
 \OT1/cmr/bx/n/10 OF 
 []


Overfull \hbox (31.69427pt too wide) in paragraph at lines 25--25
 \OT1/cmr/bx/n/10 COM- 
 []


Overfull \hbox (40.88866pt too wide) in paragraph at lines 25--25
 \OT1/cmr/bx/n/10 PUTER 
 []


Overfull \hbox (20.38878pt too wide) in paragraph at lines 25--25
 \OT1/cmr/bx/n/10 EN- 
 []


Overfull \hbox (17.23601pt too wide) in paragraph at lines 25--25
 \OT1/cmr/bx/n/10 GI- 
 []


Overfull \hbox (36.56924pt too wide) in paragraph at lines 25--25
 \OT1/cmr/bx/n/10 NEER- 
 []


Overfull \hbox (22.40265pt too wide) in paragraph at lines 25--25
 \OT1/cmr/bx/n/10 ING 
 []

! Undefined control sequence.
<recently read> \Large 
                       
l.26 \Large
           {\textbf{NAME OF COLLEGE}}\\
The control sequence at the end of the top line
of your error message was never \def'ed. If you have
misspelled it (e.g., `\hobx'), type `I' and the correct
spelling (e.g., `I\hbox'). Otherwise just continue,
and I'll forget about whatever was undefined.


Overfull \hbox (36.16647pt too wide) in paragraph at lines 26--26
 []\OT1/cmr/bx/n/10 NAME 
 []


Overfull \hbox (15.87491pt too wide) in paragraph at lines 26--26
 \OT1/cmr/bx/n/10 OF 
 []


Overfull \hbox (27.69429pt too wide) in paragraph at lines 26--26
 \OT1/cmr/bx/n/10 COL- 
 []


Overfull \hbox (31.06926pt too wide) in paragraph at lines 26--26
 \OT1/cmr/bx/n/10 LEGE 
 []

! Undefined control sequence.
<recently read> \large 
                       
l.27 \large
           {\textbf{LOCATION IN Place, Place - PINCODE}}
The control sequence at the end of the top line
of your error message was never \def'ed. If you have
misspelled it (e.g., `\hobx'), type `I' and the correct
spelling (e.g., `I\hbox'). Otherwise just continue,
and I'll forget about whatever was undefined.

! Undefined control sequence.
l.28 \large
           {\textbf{\\2012-2013}}\\
The control sequence at the end of the top line
of your error message was never \def'ed. If you have
misspelled it (e.g., `\hobx'), type `I' and the correct
spelling (e.g., `I\hbox'). Otherwise just continue,
and I'll forget about whatever was undefined.


Overfull \hbox (61.59688pt too wide) in paragraph at lines 27--28
 []\OT1/cmr/bx/n/10 LOCATION 
 []


Overfull \hbox (13.36104pt too wide) in paragraph at lines 27--28
 \OT1/cmr/bx/n/10 IN 
 []


Overfull \hbox (30.22205pt too wide) in paragraph at lines 27--28
 \OT1/cmr/bx/n/10 Place, 
 []


Overfull \hbox (27.02762pt too wide) in paragraph at lines 27--28
 \OT1/cmr/bx/n/10 Place 
 []


Overfull \hbox (3.83331pt too wide) in paragraph at lines 27--28
 \OT1/cmr/bx/n/10 - 
 []


Overfull \hbox (25.05542pt too wide) in paragraph at lines 27--28
 \OT1/cmr/bx/n/10 PIN- 
 []


Overfull \hbox (33.31926pt too wide) in paragraph at lines 27--28
 \OT1/cmr/bx/n/10 CODE 
 []


Overfull \hbox (26.83319pt too wide) in paragraph at lines 28--28
 []\OT1/cmr/bx/n/10 2012- 
 []


Overfull \hbox (22.99988pt too wide) in paragraph at lines 28--28
 \OT1/cmr/bx/n/10 2013 
 []

! Undefined control sequence.
l.30 \Large
           {\textbf{AFFILIATED TO\\}}
The control sequence at the end of the top line
of your error message was never \def'ed. If you have
misspelled it (e.g., `\hobx'), type `I' and the correct
spelling (e.g., `I\hbox'). Otherwise just continue,
and I'll forget about whatever was undefined.


Overfull \hbox (70.91626pt too wide) in paragraph at lines 30--30
 []\OT1/cmr/bx/n/10 AFFILIATED 
 []


Overfull \hbox (16.6388pt too wide) in paragraph at lines 30--30
 \OT1/cmr/bx/n/10 TO 
 []

! Undefined control sequence.
l.31 \LARGE
           {\textbf{UNIVERSITY }}
The control sequence at the end of the top line
of your error message was never \def'ed. If you have
misspelled it (e.g., `\hobx'), type `I' and the correct
spelling (e.g., `I\hbox'). Otherwise just continue,
and I'll forget about whatever was undefined.


Overfull \hbox (74.52736pt too wide) in paragraph at lines 31--32
 []\OT1/cmr/bx/n/10 UNIVERSITY 
 []


! LaTeX Error: The font size command \normalsize is not defined:
               there is probably something wrong with the class file.

See the LaTeX manual or LaTeX Companion for explanation.
Type  H <return>  for immediate help.
 ...                                              
                                                  
l.32 \newpage
             
Your command was ignored.
Type  I <command> <return>  to replace it with another command,
or  <return>  to continue without it.

[1{/var/lib/texmf/fonts/map/pdftex/updmap/pdftex.map}])
! Emergency stop.
<*> cover.tex
             
*** (job aborted, no legal \end found)

 
Here is how much of TeX's memory you used:
 29 strings out of 479983
 523 string characters out of 5888069
 300153 words of memory out of 5000000
 18326 multiletter control sequences out of 15000+600000
 469868 words of font info for 30 fonts, out of 8000000 for 9000
 14 hyphenation exceptions out of 8191
 23i,6n,23p,148b,165s stack positions out of 10000i,1000n,20000p,200000b,200000s
!  ==> Fatal error occurred, no output PDF file produced!
